Using pre-set license
Built from '2020.3/staging' branch; Version is '2020.3.14f1 (d0d1bb862f9d) revision 13685179'; Using compiler version '192528614'; Build Type 'Release'
OS: 'Windows 10 Home Single Language; OS build 19043.1288; Version 2009; 64bit' Language: 'en' Physical Memory: 7974 MB
BatchMode: 1, IsHumanControllingUs: 0, StartBugReporterOnCrash: 0, Is64bit: 1, IsPro: 0

 COMMAND LINE ARGUMENTS:
D:\App\Unity\2020.3.14f1\Editor\Unity.exe
-adb2
-batchMode
-noUpm
-name
AssetImportWorker0
-projectPath
D:/Homework/GameDev/midterm
-logFile
Logs/AssetImportWorker0.log
-srvPort
51200
Successfully changed project path to: D:/Homework/GameDev/midterm
D:/Homework/GameDev/midterm
Using Asset Import Pipeline V2.
Refreshing native plugins compatible for Editor in 173.33 ms, found 3 plugins.
Preloading 0 native plugins for Editor in 0.00 ms.
Initialize engine version: 2020.3.14f1 (d0d1bb862f9d)
[Subsystems] Discovering subsystems at path D:/App/Unity/2020.3.14f1/Editor/Data/Resources/UnitySubsystems
[Subsystems] Discovering subsystems at path D:/Homework/GameDev/midterm/Assets
GfxDevice: creating device client; threaded=0
Direct3D:
    Version:  Direct3D 11.0 [level 11.1]
    Renderer: Intel(R) UHD Graphics 620 (ID=0x3ea0)
    Vendor:   
    VRAM:     3987 MB
    Driver:   27.20.100.8681
Initialize mono
Mono path[0] = 'D:/App/Unity/2020.3.14f1/Editor/Data/Managed'
Mono path[1] = 'D:/App/Unity/2020.3.14f1/Editor/Data/MonoBleedingEdge/lib/mono/unityjit'
Mono config path = 'D:/App/Unity/2020.3.14f1/Editor/Data/MonoBleedingEdge/etc'
Using monoOptions --debugger-agent=transport=dt_socket,embedding=1,server=y,suspend=n,address=127.0.0.1:56920
Begin MonoManager ReloadAssembly
Registering precompiled unity dll's ...
Register platform support module: D:/App/Unity/2020.3.14f1/Editor/Data/PlaybackEngines/WindowsStandaloneSupport/UnityEditor.WindowsStandalone.Extensions.dll
Registered in 0.002532 seconds.
Native extension for WindowsStandalone target not found
Refreshing native plugins compatible for Editor in 154.35 ms, found 3 plugins.
Preloading 0 native plugins for Editor in 0.00 ms.
Mono: successfully reloaded assembly
- Completed reload, in  2.874 seconds
Domain Reload Profiling:
	ReloadAssembly (2875ms)
		BeginReloadAssembly (153ms)
			ExecutionOrderSort (0ms)
			DisableScriptedObjects (0ms)
			BackupInstance (0ms)
			ReleaseScriptingObjects (0ms)
			CreateAndSetChildDomain (1ms)
		EndReloadAssembly (1447ms)
			LoadAssemblies (151ms)
			RebuildTransferFunctionScriptingTraits (0ms)
			SetupTypeCache (553ms)
			ReleaseScriptCaches (0ms)
			RebuildScriptCaches (110ms)
			SetupLoadedEditorAssemblies (580ms)
				LogAssemblyErrors (0ms)
				InitializePlatformSupportModulesInManaged (13ms)
				SetLoadedEditorAssemblies (1ms)
				RefreshPlugins (154ms)
				BeforeProcessingInitializeOnLoad (42ms)
				ProcessInitializeOnLoadAttributes (270ms)
				ProcessInitializeOnLoadMethodAttributes (100ms)
				AfterProcessingInitializeOnLoad (0ms)
				EditorAssembliesLoaded (1ms)
			ExecutionOrderSort2 (0ms)
			AwakeInstancesAfterBackupRestoration (0ms)
Platform modules already initialized, skipping
Registering precompiled user dll's ...
Registered in 0.006638 seconds.
Begin MonoManager ReloadAssembly
Native extension for WindowsStandalone target not found
Refreshing native plugins compatible for Editor in 178.29 ms, found 3 plugins.
Preloading 0 native plugins for Editor in 0.00 ms.
Mono: successfully reloaded assembly
- Completed reload, in  3.748 seconds
Domain Reload Profiling:
	ReloadAssembly (3750ms)
		BeginReloadAssembly (475ms)
			ExecutionOrderSort (0ms)
			DisableScriptedObjects (18ms)
			BackupInstance (0ms)
			ReleaseScriptingObjects (0ms)
			CreateAndSetChildDomain (54ms)
		EndReloadAssembly (3059ms)
			LoadAssemblies (273ms)
			RebuildTransferFunctionScriptingTraits (0ms)
			SetupTypeCache (1052ms)
			ReleaseScriptCaches (1ms)
			RebuildScriptCaches (175ms)
			SetupLoadedEditorAssemblies (1123ms)
				LogAssemblyErrors (0ms)
				InitializePlatformSupportModulesInManaged (13ms)
				SetLoadedEditorAssemblies (1ms)
				RefreshPlugins (178ms)
				BeforeProcessingInitializeOnLoad (239ms)
				ProcessInitializeOnLoadAttributes (644ms)
				ProcessInitializeOnLoadMethodAttributes (39ms)
				AfterProcessingInitializeOnLoad (8ms)
				EditorAssembliesLoaded (0ms)
			ExecutionOrderSort2 (0ms)
			AwakeInstancesAfterBackupRestoration (24ms)
Platform modules already initialized, skipping
========================================================================
Worker process is ready to serve import requests
Launched and connected shader compiler UnityShaderCompiler.exe after 0.15 seconds
Refreshing native plugins compatible for Editor in 1.10 ms, found 3 plugins.
Preloading 0 native plugins for Editor in 0.00 ms.
Unloading 2118 Unused Serialized files (Serialized files now loaded: 0)
System memory in use before: 93.7 MB.
System memory in use after: 93.7 MB.

Unloading 31 unused Assets to reduce memory usage. Loaded Objects now: 2552.
Total: 6.487100 ms (FindLiveObjects: 0.416100 ms CreateObjectMapping: 0.212500 ms MarkObjects: 5.489100 ms  DeleteObjects: 0.365700 ms)

AssetImportParameters requested are different than current active one (requested -> active):
  custom:framework-win-MediaFoundation: 216162199b28c13a410421893ffa2e32 -> 
  custom:video-decoder-ogg-theora: a1e56fd34408186e4bbccfd4996cb3dc -> 
  custom:container-muxer-webm: aa71ff27fc2769a1b78a27578f13a17b -> 
  custom:container-demuxer-webm: 4f35f7cbe854078d1ac9338744f61a02 -> 
  custom:container-demuxer-ogg: 62fdf1f143b41e24485cea50d1cbac27 -> 
  custom:video-encoder-webm-vp8: eb34c28f22e8b96e1ab97ce403110664 -> 
  custom:video-decoder-webm-vp8: 9c59270c3fd7afecdb556c50c9e8de78 -> 
  custom:audio-decoder-ogg-vorbis: bf7c407c2cedff20999df2af8eb42d56 -> 
  custom:audio-encoder-webm-vorbis: bf7c407c2cedff20999df2af8eb42d56 -> 
========================================================================
Received Import Request.
  path: Assets/resources/All/5.png
  artifactKey: Guid(f40a2e7af313f8a4db147096957be1e1) Importer(815301076,1909f56bfc062723c751e8b465ee728b)
Start importing Assets/resources/All/5.png using Guid(f40a2e7af313f8a4db147096957be1e1) Importer(815301076,1909f56bfc062723c751e8b465ee728b)  -> (artifact id: '21e6fc791a20dbde24bdf4244338c164') in 0.540761 seconds 
  Import took 0.551361 seconds .

========================================================================
Received Import Request.
  Time since last request: 0.000444 seconds.
  path: Assets/resources/All/DS DSi - From the Abyss - Enemies.png
  artifactKey: Guid(b5533aeaa3695ec4896bd66ab69395f4) Importer(815301076,1909f56bfc062723c751e8b465ee728b)
Start importing Assets/resources/All/DS DSi - From the Abyss - Enemies.png using Guid(b5533aeaa3695ec4896bd66ab69395f4) Importer(815301076,1909f56bfc062723c751e8b465ee728b)  -> (artifact id: '7aa4944970060176a6a3e8c7b56a37ea') in 2.342923 seconds 
  Import took 2.363626 seconds .

========================================================================
Received Import Request.
  Time since last request: 0.000701 seconds.
  path: Assets/resources/All/4.png
  artifactKey: Guid(bfda384260ccd764e8b182d5f21e2d7e) Importer(815301076,1909f56bfc062723c751e8b465ee728b)
Start importing Assets/resources/All/4.png using Guid(bfda384260ccd764e8b182d5f21e2d7e) Importer(815301076,1909f56bfc062723c751e8b465ee728b)  -> (artifact id: '06bfe09f0ecd2bb24f6eca2d53f37112') in 1.732550 seconds 
  Import took 1.745920 seconds .

========================================================================
Received Import Request.
  Time since last request: 0.000360 seconds.
  path: Assets/resources/All/2.png
  artifactKey: Guid(677f639ced5a51e469a0df983067bcb4) Importer(815301076,1909f56bfc062723c751e8b465ee728b)
Start importing Assets/resources/All/2.png using Guid(677f639ced5a51e469a0df983067bcb4) Importer(815301076,1909f56bfc062723c751e8b465ee728b)  -> (artifact id: '59260c2a8d5def63a318801d9d27609d') in 0.442194 seconds 
  Import took 0.452539 seconds .

========================================================================
Received Import Request.
  Time since last request: 0.000616 seconds.
  path: Assets/resources/All/DS DSi - From the Abyss - Weapons.png
  artifactKey: Guid(5e8e5707859279c4182bc8b96e7721dc) Importer(815301076,1909f56bfc062723c751e8b465ee728b)
Start importing Assets/resources/All/DS DSi - From the Abyss - Weapons.png using Guid(5e8e5707859279c4182bc8b96e7721dc) Importer(815301076,1909f56bfc062723c751e8b465ee728b)  -> (artifact id: 'ed37145ae6e378d6b9e4ac05c65ab514') in 0.049064 seconds 
  Import took 0.058537 seconds .

========================================================================
Received Import Request.
  Time since last request: 0.000315 seconds.
  path: Assets/resources/All/DS DSi - From the Abyss - Misc & Backgrounds.png
  artifactKey: Guid(78284e93a3844d043a95d7422d59014f) Importer(815301076,1909f56bfc062723c751e8b465ee728b)
Start importing Assets/resources/All/DS DSi - From the Abyss - Misc & Backgrounds.png using Guid(78284e93a3844d043a95d7422d59014f) Importer(815301076,1909f56bfc062723c751e8b465ee728b)  -> (artifact id: '60ae70d44dcde7872df211698ed2f77e') in 0.065933 seconds 
  Import took 0.073775 seconds .

========================================================================
Received Import Request.
  Time since last request: 0.000361 seconds.
  path: Assets/resources/All/3.png
  artifactKey: Guid(8d0a75e4fda81704e9c3f3e442cd7995) Importer(815301076,1909f56bfc062723c751e8b465ee728b)
Start importing Assets/resources/All/3.png using Guid(8d0a75e4fda81704e9c3f3e442cd7995) Importer(815301076,1909f56bfc062723c751e8b465ee728b)  -> (artifact id: '8af721867dc0364ba5560ed848230b43') in 1.751762 seconds 
  Import took 1.763752 seconds .

========================================================================
Received Import Request.
  Time since last request: 0.000447 seconds.
  path: Assets/resources/All/PlayStation - Dragon Warrior 7 - 001 - Slime.png
  artifactKey: Guid(0b49b803ad8956a49b1d7efdd119c8b2) Importer(815301076,1909f56bfc062723c751e8b465ee728b)
Start importing Assets/resources/All/PlayStation - Dragon Warrior 7 - 001 - Slime.png using Guid(0b49b803ad8956a49b1d7efdd119c8b2) Importer(815301076,1909f56bfc062723c751e8b465ee728b)  -> (artifact id: '127564f3ec7d0552ac7d420f1fa1ce61') in 0.056087 seconds 
  Import took 0.064615 seconds .

========================================================================
Received Import Request.
  Time since last request: 0.000427 seconds.
  path: Assets/resources/All/DS DSi - From the Abyss - Player 1.png
  artifactKey: Guid(4e46df76008d6f14e8fb984ab012ebac) Importer(815301076,1909f56bfc062723c751e8b465ee728b)
Start importing Assets/resources/All/DS DSi - From the Abyss - Player 1.png using Guid(4e46df76008d6f14e8fb984ab012ebac) Importer(815301076,1909f56bfc062723c751e8b465ee728b)  -> (artifact id: 'd9dfd000e68ec4d5a2eab15a7de0d14d') in 0.026436 seconds 
  Import took 0.034694 seconds .

========================================================================
Received Import Request.
  Time since last request: 0.000374 seconds.
  path: Assets/resources/All/DS DSi - From the Abyss - Dark Knight.png
  artifactKey: Guid(98a07a2027feca14283747dab1a552fc) Importer(815301076,1909f56bfc062723c751e8b465ee728b)
Start importing Assets/resources/All/DS DSi - From the Abyss - Dark Knight.png using Guid(98a07a2027feca14283747dab1a552fc) Importer(815301076,1909f56bfc062723c751e8b465ee728b)  -> (artifact id: '25f58bbd0332a6647fd4e95372dd0394') in 0.027893 seconds 
  Import took 0.036269 seconds .

========================================================================
Received Import Request.
  Time since last request: 0.000348 seconds.
  path: Assets/resources/All/6.png
  artifactKey: Guid(8e413d36fe9e3a8488efcc4560d3dc30) Importer(815301076,1909f56bfc062723c751e8b465ee728b)
Start importing Assets/resources/All/6.png using Guid(8e413d36fe9e3a8488efcc4560d3dc30) Importer(815301076,1909f56bfc062723c751e8b465ee728b)  -> (artifact id: '7ef74187d59612f2033e618561044721') in 0.240709 seconds 
  Import took 0.250667 seconds .

========================================================================
Received Import Request.
  Time since last request: 0.000450 seconds.
  path: Assets/resources/All/1.png
  artifactKey: Guid(4554289a53e3f9f488401fd48ba46ef8) Importer(815301076,1909f56bfc062723c751e8b465ee728b)
Start importing Assets/resources/All/1.png using Guid(4554289a53e3f9f488401fd48ba46ef8) Importer(815301076,1909f56bfc062723c751e8b465ee728b)  -> (artifact id: '785bc23d75c4148101712e9dfe30a0a2') in 0.424882 seconds 
  Import took 0.433904 seconds .

========================================================================
Received Import Request.
  Time since last request: 0.000398 seconds.
  path: Assets/resources/All/DS DSi - From the Abyss - Cerberus.png
  artifactKey: Guid(074fb2baeac969a478c57c7660d9d161) Importer(815301076,1909f56bfc062723c751e8b465ee728b)
Start importing Assets/resources/All/DS DSi - From the Abyss - Cerberus.png using Guid(074fb2baeac969a478c57c7660d9d161) Importer(815301076,1909f56bfc062723c751e8b465ee728b)  -> (artifact id: '72bba078495201e315434cb168da4525') in 0.035730 seconds 
  Import took 0.044924 seconds .

========================================================================
Received Import Request.
  Time since last request: 0.000415 seconds.
  path: Assets/resources/All/DS DSi - From the Abyss - Enemies 1.png
  artifactKey: Guid(c865813687377194a89fc8b1e87e9886) Importer(815301076,1909f56bfc062723c751e8b465ee728b)
Start importing Assets/resources/All/DS DSi - From the Abyss - Enemies 1.png using Guid(c865813687377194a89fc8b1e87e9886) Importer(815301076,1909f56bfc062723c751e8b465ee728b)  -> (artifact id: '528ed55c0830c898e571fbb9d5ad2e90') in 2.113675 seconds 
  Import took 2.124935 seconds .

========================================================================
Received Import Request.
  Time since last request: 0.000398 seconds.
  path: Assets/resources/All/DS DSi - From the Abyss - Player 4.png
  artifactKey: Guid(cfb4851e1107e8c498baea8c8a65539e) Importer(815301076,1909f56bfc062723c751e8b465ee728b)
Start importing Assets/resources/All/DS DSi - From the Abyss - Player 4.png using Guid(cfb4851e1107e8c498baea8c8a65539e) Importer(815301076,1909f56bfc062723c751e8b465ee728b)  -> (artifact id: 'ede42a15d869e37824edc0e81410458e') in 0.037979 seconds 
  Import took 0.046599 seconds .

========================================================================
Received Import Request.
  Time since last request: 0.000420 seconds.
  path: Assets/resources/All/DS DSi - From the Abyss - Stage Tilesets.png
  artifactKey: Guid(7a892e3b10211f44282c229ad4cd4703) Importer(815301076,1909f56bfc062723c751e8b465ee728b)
Start importing Assets/resources/All/DS DSi - From the Abyss - Stage Tilesets.png using Guid(7a892e3b10211f44282c229ad4cd4703) Importer(815301076,1909f56bfc062723c751e8b465ee728b)  -> (artifact id: '741101306860d636cf017b5a516c13f1') in 0.024123 seconds 
  Import took 0.031245 seconds .

========================================================================
Received Import Request.
  Time since last request: 53.085279 seconds.
  path: Assets/resources/All/2.png
  artifactKey: Guid(677f639ced5a51e469a0df983067bcb4) Importer(815301076,1909f56bfc062723c751e8b465ee728b)
Start importing Assets/resources/All/2.png using Guid(677f639ced5a51e469a0df983067bcb4) Importer(815301076,1909f56bfc062723c751e8b465ee728b)  -> (artifact id: '2789cd428710b3369d66bd928bc0b37c') in 1.408455 seconds 
  Import took 1.419219 seconds .

========================================================================
Received Prepare
Registering precompiled user dll's ...
Registered in 0.005938 seconds.
Begin MonoManager ReloadAssembly
Native extension for WindowsStandalone target not found
Refreshing native plugins compatible for Editor in 1.49 ms, found 3 plugins.
Preloading 0 native plugins for Editor in 0.00 ms.
Mono: successfully reloaded assembly
- Completed reload, in  2.692 seconds
Domain Reload Profiling:
	ReloadAssembly (2693ms)
		BeginReloadAssembly (258ms)
			ExecutionOrderSort (0ms)
			DisableScriptedObjects (18ms)
			BackupInstance (0ms)
			ReleaseScriptingObjects (0ms)
			CreateAndSetChildDomain (82ms)
		EndReloadAssembly (2282ms)
			LoadAssemblies (206ms)
			RebuildTransferFunctionScriptingTraits (0ms)
			SetupTypeCache (841ms)
			ReleaseScriptCaches (3ms)
			RebuildScriptCaches (139ms)
			SetupLoadedEditorAssemblies (765ms)
				LogAssemblyErrors (0ms)
				InitializePlatformSupportModulesInManaged (14ms)
				SetLoadedEditorAssemblies (1ms)
				RefreshPlugins (2ms)
				BeforeProcessingInitializeOnLoad (203ms)
				ProcessInitializeOnLoadAttributes (523ms)
				ProcessInitializeOnLoadMethodAttributes (16ms)
				AfterProcessingInitializeOnLoad (6ms)
				EditorAssembliesLoaded (0ms)
			ExecutionOrderSort2 (0ms)
			AwakeInstancesAfterBackupRestoration (29ms)
Platform modules already initialized, skipping
Refreshing native plugins compatible for Editor in 1.25 ms, found 3 plugins.
Preloading 0 native plugins for Editor in 0.00 ms.
Unloading 2113 Unused Serialized files (Serialized files now loaded: 0)
System memory in use before: 97.8 MB.
System memory in use after: 97.9 MB.

Unloading 19 unused Assets to reduce memory usage. Loaded Objects now: 3155.
Total: 5.634200 ms (FindLiveObjects: 0.610400 ms CreateObjectMapping: 0.266300 ms MarkObjects: 4.569700 ms  DeleteObjects: 0.184900 ms)

AssetImportParameters requested are different than current active one (requested -> active):
  custom:framework-win-MediaFoundation: 216162199b28c13a410421893ffa2e32 -> 
  custom:video-decoder-ogg-theora: a1e56fd34408186e4bbccfd4996cb3dc -> 
  custom:container-muxer-webm: aa71ff27fc2769a1b78a27578f13a17b -> 
  custom:container-demuxer-webm: 4f35f7cbe854078d1ac9338744f61a02 -> 
  custom:container-demuxer-ogg: 62fdf1f143b41e24485cea50d1cbac27 -> 
  custom:video-encoder-webm-vp8: eb34c28f22e8b96e1ab97ce403110664 -> 
  custom:video-decoder-webm-vp8: 9c59270c3fd7afecdb556c50c9e8de78 -> 
  custom:audio-decoder-ogg-vorbis: bf7c407c2cedff20999df2af8eb42d56 -> 
  custom:audio-encoder-webm-vorbis: bf7c407c2cedff20999df2af8eb42d56 -> 
========================================================================
Received Prepare
Registering precompiled user dll's ...
Registered in 0.006170 seconds.
Begin MonoManager ReloadAssembly
Native extension for WindowsStandalone target not found
Refreshing native plugins compatible for Editor in 1.45 ms, found 3 plugins.
Preloading 0 native plugins for Editor in 0.00 ms.
Mono: successfully reloaded assembly
- Completed reload, in  2.579 seconds
Domain Reload Profiling:
	ReloadAssembly (2580ms)
		BeginReloadAssembly (245ms)
			ExecutionOrderSort (0ms)
			DisableScriptedObjects (18ms)
			BackupInstance (0ms)
			ReleaseScriptingObjects (0ms)
			CreateAndSetChildDomain (76ms)
		EndReloadAssembly (2181ms)
			LoadAssemblies (213ms)
			RebuildTransferFunctionScriptingTraits (0ms)
			SetupTypeCache (783ms)
			ReleaseScriptCaches (2ms)
			RebuildScriptCaches (129ms)
			SetupLoadedEditorAssemblies (736ms)
				LogAssemblyErrors (0ms)
				InitializePlatformSupportModulesInManaged (14ms)
				SetLoadedEditorAssemblies (2ms)
				RefreshPlugins (2ms)
				BeforeProcessingInitializeOnLoad (198ms)
				ProcessInitializeOnLoadAttributes (501ms)
				ProcessInitializeOnLoadMethodAttributes (15ms)
				AfterProcessingInitializeOnLoad (4ms)
				EditorAssembliesLoaded (0ms)
			ExecutionOrderSort2 (0ms)
			AwakeInstancesAfterBackupRestoration (31ms)
Platform modules already initialized, skipping
Refreshing native plugins compatible for Editor in 1.14 ms, found 3 plugins.
Preloading 0 native plugins for Editor in 0.00 ms.
Unloading 2113 Unused Serialized files (Serialized files now loaded: 0)
System memory in use before: 97.9 MB.
System memory in use after: 98.0 MB.

Unloading 19 unused Assets to reduce memory usage. Loaded Objects now: 3158.
Total: 5.985000 ms (FindLiveObjects: 0.432700 ms CreateObjectMapping: 0.209400 ms MarkObjects: 5.138300 ms  DeleteObjects: 0.201900 ms)

AssetImportParameters requested are different than current active one (requested -> active):
  custom:framework-win-MediaFoundation: 216162199b28c13a410421893ffa2e32 -> 
  custom:video-decoder-ogg-theora: a1e56fd34408186e4bbccfd4996cb3dc -> 
  custom:container-muxer-webm: aa71ff27fc2769a1b78a27578f13a17b -> 
  custom:container-demuxer-webm: 4f35f7cbe854078d1ac9338744f61a02 -> 
  custom:container-demuxer-ogg: 62fdf1f143b41e24485cea50d1cbac27 -> 
  custom:video-encoder-webm-vp8: eb34c28f22e8b96e1ab97ce403110664 -> 
  custom:video-decoder-webm-vp8: 9c59270c3fd7afecdb556c50c9e8de78 -> 
  custom:audio-decoder-ogg-vorbis: bf7c407c2cedff20999df2af8eb42d56 -> 
  custom:audio-encoder-webm-vorbis: bf7c407c2cedff20999df2af8eb42d56 -> 
========================================================================
Received Prepare
Registering precompiled user dll's ...
Registered in 0.005303 seconds.
Begin MonoManager ReloadAssembly
Native extension for WindowsStandalone target not found
Refreshing native plugins compatible for Editor in 1.42 ms, found 3 plugins.
Preloading 0 native plugins for Editor in 0.00 ms.
Mono: successfully reloaded assembly
- Completed reload, in  3.407 seconds
Domain Reload Profiling:
	ReloadAssembly (3408ms)
		BeginReloadAssembly (273ms)
			ExecutionOrderSort (0ms)
			DisableScriptedObjects (21ms)
			BackupInstance (0ms)
			ReleaseScriptingObjects (0ms)
			CreateAndSetChildDomain (91ms)
		EndReloadAssembly (2926ms)
			LoadAssemblies (239ms)
			RebuildTransferFunctionScriptingTraits (0ms)
			SetupTypeCache (1045ms)
			ReleaseScriptCaches (2ms)
			RebuildScriptCaches (154ms)
			SetupLoadedEditorAssemblies (992ms)
				LogAssemblyErrors (0ms)
				InitializePlatformSupportModulesInManaged (30ms)
				SetLoadedEditorAssemblies (2ms)
				RefreshPlugins (2ms)
				BeforeProcessingInitializeOnLoad (361ms)
				ProcessInitializeOnLoadAttributes (566ms)
				ProcessInitializeOnLoadMethodAttributes (23ms)
				AfterProcessingInitializeOnLoad (8ms)
				EditorAssembliesLoaded (0ms)
			ExecutionOrderSort2 (0ms)
			AwakeInstancesAfterBackupRestoration (39ms)
Platform modules already initialized, skipping
Refreshing native plugins compatible for Editor in 1.13 ms, found 3 plugins.
Preloading 0 native plugins for Editor in 0.00 ms.
Unloading 2113 Unused Serialized files (Serialized files now loaded: 0)
System memory in use before: 97.9 MB.
System memory in use after: 98.0 MB.

Unloading 19 unused Assets to reduce memory usage. Loaded Objects now: 3161.
Total: 6.885300 ms (FindLiveObjects: 0.582300 ms CreateObjectMapping: 0.273100 ms MarkObjects: 5.714800 ms  DeleteObjects: 0.312500 ms)

AssetImportParameters requested are different than current active one (requested -> active):
  custom:framework-win-MediaFoundation: 216162199b28c13a410421893ffa2e32 -> 
  custom:video-decoder-ogg-theora: a1e56fd34408186e4bbccfd4996cb3dc -> 
  custom:container-muxer-webm: aa71ff27fc2769a1b78a27578f13a17b -> 
  custom:container-demuxer-webm: 4f35f7cbe854078d1ac9338744f61a02 -> 
  custom:container-demuxer-ogg: 62fdf1f143b41e24485cea50d1cbac27 -> 
  custom:video-encoder-webm-vp8: eb34c28f22e8b96e1ab97ce403110664 -> 
  custom:video-decoder-webm-vp8: 9c59270c3fd7afecdb556c50c9e8de78 -> 
  custom:audio-decoder-ogg-vorbis: bf7c407c2cedff20999df2af8eb42d56 -> 
  custom:audio-encoder-webm-vorbis: bf7c407c2cedff20999df2af8eb42d56 -> 
